./libshell/libshell.a:1: MAJOR:C-O1
./libshell/shell.h:42: MINOR:C-V1
./libshell/shell.h:43: MINOR:C-V1
./libshell/shell.h:44: MINOR:C-V1
./organized.c:16: MAJOR:C-F6
./organized.c:16: MINOR:C-V1
./organized.c:19: MINOR:C-L6
./organized.c:30: MINOR:C-L3
./organized.c:30: MINOR:C-L6
./organized.c:35: MAJOR:C-L1
./organized.c:35: MAJOR:C-L5
./organized.c:36: MAJOR:C-L5
./organized.c:46: MAJOR:C-F3
./organized.c:46: MINOR:C-L3
./organized.c:48: MAJOR:C-F4
./organized.c:62: MINOR:C-L3
./organized.c:68: MAJOR:C-C1
./organized.c:70: MAJOR:C-C1
./organized.c:70: MINOR:C-L3
./organized.c:72: MAJOR:C-F4
./organized.c:73: MAJOR:C-F4
./organized.c:74: MAJOR:C-F3
./organized.c:74: MAJOR:C-F4
./organized.c:75: MAJOR:C-F4
./organized.c:76: MAJOR:C-F4
./organized.c:77: MAJOR:C-F4
./organized.c:78: MAJOR:C-F4
./organized.c:79: MAJOR:C-F4
./organized.c:80: MAJOR:C-F4
./organized.c:94: MAJOR:C-F3
./sort.c:19: MINOR:C-V1
./sort.c:43: MINOR:C-V1
./sort.c:67: MINOR:C-V1
./sort.c:91: MINOR:C-V1
./sort.c:135: MAJOR:C-O3
./sort.c:153: MAJOR:C-O3
./sort.c:153: MINOR:C-V3
./sort.c:167: MAJOR:C-O3
./sort.c:180: MAJOR:C-O3
